[2024-07-06T20:22:48.226+0000] {logging_mixin.py:188} INFO - Changing /opt/***/logs/dag_id=AutoML_workflow_demo/run_id=manual__2024-07-06T20:22:43.557110+00:00/task_id=GetDataKaggle permission to 509
[2024-07-06T20:22:48.228+0000] {logging_mixin.py:188} INFO - Changing /opt/***/logs/dag_id=AutoML_workflow_demo/run_id=manual__2024-07-06T20:22:43.557110+00:00 permission to 509
[2024-07-06T20:22:48.229+0000] {logging_mixin.py:188} INFO - Changing /opt/***/logs/dag_id=AutoML_workflow_demo permission to 509
[2024-07-06T20:22:48.230+0000] {logging_mixin.py:188} INFO - Changing /opt/***/logs permission to 509
[2024-07-06T20:22:50.093+0000] {logging_mixin.py:188} INFO - Changing /opt/***/logs/dag_id=AutoML_workflow_demo/run_id=manual__2024-07-06T20:22:43.557110+00:00/task_id=GetDataKaggle permission to 509
[2024-07-06T20:22:50.094+0000] {logging_mixin.py:188} INFO - Changing /opt/***/logs/dag_id=AutoML_workflow_demo/run_id=manual__2024-07-06T20:22:43.557110+00:00 permission to 509
[2024-07-06T20:22:50.095+0000] {logging_mixin.py:188} INFO - Changing /opt/***/logs/dag_id=AutoML_workflow_demo permission to 509
[2024-07-06T20:22:50.096+0000] {logging_mixin.py:188} INFO - Changing /opt/***/logs permission to 509
[2024-07-06T20:22:50.183+0000] {taskinstance.py:1979} INFO - Dependencies all met for dep_context=non-requeueable deps ti=<TaskInstance: AutoML_workflow_demo.GetDataKaggle manual__2024-07-06T20:22:43.557110+00:00 [queued]>
[2024-07-06T20:22:50.194+0000] {taskinstance.py:1979} INFO - Dependencies all met for dep_context=requeueable deps ti=<TaskInstance: AutoML_workflow_demo.GetDataKaggle manual__2024-07-06T20:22:43.557110+00:00 [queued]>
[2024-07-06T20:22:50.194+0000] {taskinstance.py:2193} INFO - Starting attempt 1 of 2
[2024-07-06T20:22:50.515+0000] {taskinstance.py:2217} INFO - Executing <Task(PythonOperator): GetDataKaggle> on 2024-07-06 20:22:43.557110+00:00
[2024-07-06T20:22:50.523+0000] {standard_task_runner.py:60} INFO - Started process 207 to run task
[2024-07-06T20:22:50.526+0000] {standard_task_runner.py:87} INFO - Running: ['***', 'tasks', 'run', 'AutoML_workflow_demo', 'GetDataKaggle', 'manual__2024-07-06T20:22:43.557110+00:00', '--job-id', '12', '--raw', '--subdir', 'DAGS_FOLDER/dmc_pipeline.py', '--cfg-path', '/tmp/tmpbsyb9pvm']
[2024-07-06T20:22:50.526+0000] {standard_task_runner.py:88} INFO - Job 12: Subtask GetDataKaggle
[2024-07-06T20:22:50.844+0000] {logging_mixin.py:188} INFO - Changing /opt/***/logs/dag_id=AutoML_workflow_demo/run_id=manual__2024-07-06T20:22:43.557110+00:00/task_id=GetDataKaggle permission to 509
[2024-07-06T20:22:50.845+0000] {logging_mixin.py:188} INFO - Changing /opt/***/logs/dag_id=AutoML_workflow_demo/run_id=manual__2024-07-06T20:22:43.557110+00:00 permission to 509
[2024-07-06T20:22:50.846+0000] {logging_mixin.py:188} INFO - Changing /opt/***/logs/dag_id=AutoML_workflow_demo permission to 509
[2024-07-06T20:22:50.847+0000] {logging_mixin.py:188} INFO - Changing /opt/***/logs permission to 509
[2024-07-06T20:22:50.850+0000] {task_command.py:423} INFO - Running <TaskInstance: AutoML_workflow_demo.GetDataKaggle manual__2024-07-06T20:22:43.557110+00:00 [running]> on host 9ccfc756508b
[2024-07-06T20:22:51.456+0000] {taskinstance.py:2513} INFO - Exporting env vars: AIRFLOW_CTX_DAG_OWNER='***' AIRFLOW_CTX_DAG_ID='AutoML_workflow_demo' AIRFLOW_CTX_TASK_ID='GetDataKaggle' AIRFLOW_CTX_EXECUTION_DATE='2024-07-06T20:22:43.557110+00:00' AIRFLOW_CTX_TRY_NUMBER='1' AIRFLOW_CTX_DAG_RUN_ID='manual__2024-07-06T20:22:43.557110+00:00'
[2024-07-06T20:22:53.057+0000] {logging_mixin.py:188} INFO - Unzipped playground-series-s4e6.zip
[2024-07-06T20:22:53.063+0000] {python.py:202} INFO - Done. Returned value was: None
[2024-07-06T20:22:53.072+0000] {taskinstance.py:1149} INFO - Marking task as SUCCESS. dag_id=AutoML_workflow_demo, task_id=GetDataKaggle, execution_date=20240706T202243, start_date=20240706T202250, end_date=20240706T202253
[2024-07-06T20:22:53.226+0000] {local_task_job_runner.py:234} INFO - Task exited with return code 0
[2024-07-06T20:22:53.244+0000] {taskinstance.py:3312} INFO - 1 downstream tasks scheduled from follow-on schedule check
