[2024-07-07T05:51:01.255+0000] {logging_mixin.py:188} INFO - Changing /opt/***/logs/dag_id=AutoML_workflow_demo/run_id=manual__2024-07-07T05:50:58.593111+00:00/task_id=GetDataKaggle permission to 509
[2024-07-07T05:51:01.257+0000] {logging_mixin.py:188} INFO - Changing /opt/***/logs/dag_id=AutoML_workflow_demo/run_id=manual__2024-07-07T05:50:58.593111+00:00 permission to 509
[2024-07-07T05:51:01.257+0000] {logging_mixin.py:188} INFO - Changing /opt/***/logs/dag_id=AutoML_workflow_demo permission to 509
[2024-07-07T05:51:01.258+0000] {logging_mixin.py:188} INFO - Changing /opt/***/logs permission to 509
[2024-07-07T05:51:01.276+0000] {logging_mixin.py:188} INFO - Changing /opt/***/logs/dag_id=AutoML_workflow_demo/run_id=manual__2024-07-07T05:50:58.593111+00:00/task_id=GetDataKaggle permission to 509
[2024-07-07T05:51:01.277+0000] {logging_mixin.py:188} INFO - Changing /opt/***/logs/dag_id=AutoML_workflow_demo/run_id=manual__2024-07-07T05:50:58.593111+00:00 permission to 509
[2024-07-07T05:51:01.278+0000] {logging_mixin.py:188} INFO - Changing /opt/***/logs/dag_id=AutoML_workflow_demo permission to 509
[2024-07-07T05:51:01.278+0000] {logging_mixin.py:188} INFO - Changing /opt/***/logs permission to 509
[2024-07-07T05:51:01.301+0000] {taskinstance.py:1979} INFO - Dependencies all met for dep_context=non-requeueable deps ti=<TaskInstance: AutoML_workflow_demo.GetDataKaggle manual__2024-07-07T05:50:58.593111+00:00 [queued]>
[2024-07-07T05:51:01.307+0000] {taskinstance.py:1979} INFO - Dependencies all met for dep_context=requeueable deps ti=<TaskInstance: AutoML_workflow_demo.GetDataKaggle manual__2024-07-07T05:50:58.593111+00:00 [queued]>
[2024-07-07T05:51:01.307+0000] {taskinstance.py:2193} INFO - Starting attempt 1 of 2
[2024-07-07T05:51:01.315+0000] {taskinstance.py:2217} INFO - Executing <Task(PythonOperator): GetDataKaggle> on 2024-07-07 05:50:58.593111+00:00
[2024-07-07T05:51:01.323+0000] {standard_task_runner.py:60} INFO - Started process 876 to run task
[2024-07-07T05:51:01.325+0000] {standard_task_runner.py:87} INFO - Running: ['***', 'tasks', 'run', 'AutoML_workflow_demo', 'GetDataKaggle', 'manual__2024-07-07T05:50:58.593111+00:00', '--job-id', '36', '--raw', '--subdir', 'DAGS_FOLDER/dmc_pipeline.py', '--cfg-path', '/tmp/tmp61sfbacl']
[2024-07-07T05:51:01.326+0000] {standard_task_runner.py:88} INFO - Job 36: Subtask GetDataKaggle
[2024-07-07T05:51:01.359+0000] {logging_mixin.py:188} INFO - Changing /opt/***/logs/dag_id=AutoML_workflow_demo/run_id=manual__2024-07-07T05:50:58.593111+00:00/task_id=GetDataKaggle permission to 509
[2024-07-07T05:51:01.360+0000] {logging_mixin.py:188} INFO - Changing /opt/***/logs/dag_id=AutoML_workflow_demo/run_id=manual__2024-07-07T05:50:58.593111+00:00 permission to 509
[2024-07-07T05:51:01.361+0000] {logging_mixin.py:188} INFO - Changing /opt/***/logs/dag_id=AutoML_workflow_demo permission to 509
[2024-07-07T05:51:01.362+0000] {logging_mixin.py:188} INFO - Changing /opt/***/logs permission to 509
[2024-07-07T05:51:01.364+0000] {task_command.py:423} INFO - Running <TaskInstance: AutoML_workflow_demo.GetDataKaggle manual__2024-07-07T05:50:58.593111+00:00 [running]> on host c848c3042a1e
[2024-07-07T05:51:01.411+0000] {taskinstance.py:2513} INFO - Exporting env vars: AIRFLOW_CTX_DAG_OWNER='***' AIRFLOW_CTX_DAG_ID='AutoML_workflow_demo' AIRFLOW_CTX_TASK_ID='GetDataKaggle' AIRFLOW_CTX_EXECUTION_DATE='2024-07-07T05:50:58.593111+00:00' AIRFLOW_CTX_TRY_NUMBER='1' AIRFLOW_CTX_DAG_RUN_ID='manual__2024-07-07T05:50:58.593111+00:00'
[2024-07-07T05:51:01.416+0000] {logging_mixin.py:188} INFO - Warning: Your Kaggle API key is readable by other users on this system! To fix this, you can run 'chmod 600 /home/***/.kaggle/kaggle.json'
[2024-07-07T05:51:02.771+0000] {logging_mixin.py:188} INFO - Unzipped playground-series-s4e6.zip
[2024-07-07T05:51:02.775+0000] {python.py:202} INFO - Done. Returned value was: None
[2024-07-07T05:51:02.783+0000] {taskinstance.py:1149} INFO - Marking task as SUCCESS. dag_id=AutoML_workflow_demo, task_id=GetDataKaggle, execution_date=20240707T055058, start_date=20240707T055101, end_date=20240707T055102
[2024-07-07T05:51:02.821+0000] {local_task_job_runner.py:234} INFO - Task exited with return code 0
[2024-07-07T05:51:02.840+0000] {taskinstance.py:3312} INFO - 1 downstream tasks scheduled from follow-on schedule check
