[2024-07-07T19:09:57.113+0000] {logging_mixin.py:188} INFO - Changing /opt/***/logs/dag_id=AutoML_workflow_demo/run_id=manual__2024-07-07T19:09:53.961430+00:00/task_id=GetDataKaggle permission to 509
[2024-07-07T19:09:57.114+0000] {logging_mixin.py:188} INFO - Changing /opt/***/logs/dag_id=AutoML_workflow_demo/run_id=manual__2024-07-07T19:09:53.961430+00:00 permission to 509
[2024-07-07T19:09:57.115+0000] {logging_mixin.py:188} INFO - Changing /opt/***/logs/dag_id=AutoML_workflow_demo permission to 509
[2024-07-07T19:09:57.116+0000] {logging_mixin.py:188} INFO - Changing /opt/***/logs permission to 509
[2024-07-07T19:09:57.136+0000] {logging_mixin.py:188} INFO - Changing /opt/***/logs/dag_id=AutoML_workflow_demo/run_id=manual__2024-07-07T19:09:53.961430+00:00/task_id=GetDataKaggle permission to 509
[2024-07-07T19:09:57.137+0000] {logging_mixin.py:188} INFO - Changing /opt/***/logs/dag_id=AutoML_workflow_demo/run_id=manual__2024-07-07T19:09:53.961430+00:00 permission to 509
[2024-07-07T19:09:57.138+0000] {logging_mixin.py:188} INFO - Changing /opt/***/logs/dag_id=AutoML_workflow_demo permission to 509
[2024-07-07T19:09:57.139+0000] {logging_mixin.py:188} INFO - Changing /opt/***/logs permission to 509
[2024-07-07T19:09:57.163+0000] {taskinstance.py:1979} INFO - Dependencies all met for dep_context=non-requeueable deps ti=<TaskInstance: AutoML_workflow_demo.GetDataKaggle manual__2024-07-07T19:09:53.961430+00:00 [queued]>
[2024-07-07T19:09:57.168+0000] {taskinstance.py:1979} INFO - Dependencies all met for dep_context=requeueable deps ti=<TaskInstance: AutoML_workflow_demo.GetDataKaggle manual__2024-07-07T19:09:53.961430+00:00 [queued]>
[2024-07-07T19:09:57.168+0000] {taskinstance.py:2193} INFO - Starting attempt 1 of 2
[2024-07-07T19:09:57.178+0000] {taskinstance.py:2217} INFO - Executing <Task(PythonOperator): GetDataKaggle> on 2024-07-07 19:09:53.961430+00:00
[2024-07-07T19:09:57.185+0000] {standard_task_runner.py:60} INFO - Started process 2387 to run task
[2024-07-07T19:09:57.187+0000] {standard_task_runner.py:87} INFO - Running: ['***', 'tasks', 'run', 'AutoML_workflow_demo', 'GetDataKaggle', 'manual__2024-07-07T19:09:53.961430+00:00', '--job-id', '47', '--raw', '--subdir', 'DAGS_FOLDER/dmc_pipeline.py', '--cfg-path', '/tmp/tmpbheb9fyo']
[2024-07-07T19:09:57.188+0000] {standard_task_runner.py:88} INFO - Job 47: Subtask GetDataKaggle
[2024-07-07T19:09:57.226+0000] {logging_mixin.py:188} INFO - Changing /opt/***/logs/dag_id=AutoML_workflow_demo/run_id=manual__2024-07-07T19:09:53.961430+00:00/task_id=GetDataKaggle permission to 509
[2024-07-07T19:09:57.227+0000] {logging_mixin.py:188} INFO - Changing /opt/***/logs/dag_id=AutoML_workflow_demo/run_id=manual__2024-07-07T19:09:53.961430+00:00 permission to 509
[2024-07-07T19:09:57.228+0000] {logging_mixin.py:188} INFO - Changing /opt/***/logs/dag_id=AutoML_workflow_demo permission to 509
[2024-07-07T19:09:57.229+0000] {logging_mixin.py:188} INFO - Changing /opt/***/logs permission to 509
[2024-07-07T19:09:57.230+0000] {task_command.py:423} INFO - Running <TaskInstance: AutoML_workflow_demo.GetDataKaggle manual__2024-07-07T19:09:53.961430+00:00 [running]> on host 491d1386731f
[2024-07-07T19:09:57.288+0000] {taskinstance.py:2513} INFO - Exporting env vars: AIRFLOW_CTX_DAG_OWNER='***' AIRFLOW_CTX_DAG_ID='AutoML_workflow_demo' AIRFLOW_CTX_TASK_ID='GetDataKaggle' AIRFLOW_CTX_EXECUTION_DATE='2024-07-07T19:09:53.961430+00:00' AIRFLOW_CTX_TRY_NUMBER='1' AIRFLOW_CTX_DAG_RUN_ID='manual__2024-07-07T19:09:53.961430+00:00'
[2024-07-07T19:09:57.294+0000] {logging_mixin.py:188} INFO - Warning: Your Kaggle API key is readable by other users on this system! To fix this, you can run 'chmod 600 /home/***/.kaggle/kaggle.json'
[2024-07-07T19:09:58.659+0000] {logging_mixin.py:188} INFO - Unzipped playground-series-s4e6.zip
[2024-07-07T19:09:58.663+0000] {python.py:202} INFO - Done. Returned value was: None
[2024-07-07T19:09:58.670+0000] {taskinstance.py:1149} INFO - Marking task as SUCCESS. dag_id=AutoML_workflow_demo, task_id=GetDataKaggle, execution_date=20240707T190953, start_date=20240707T190957, end_date=20240707T190958
[2024-07-07T19:09:58.724+0000] {local_task_job_runner.py:234} INFO - Task exited with return code 0
[2024-07-07T19:09:58.741+0000] {taskinstance.py:3312} INFO - 1 downstream tasks scheduled from follow-on schedule check
