[2024-07-06T04:09:43.955+0000] {logging_mixin.py:188} INFO - Changing /opt/***/logs/dag_id=AutoML_workflow_demo/run_id=manual__2024-07-06T04:09:36.417584+00:00/task_id=GetDataKaggle permission to 509
[2024-07-06T04:09:43.956+0000] {logging_mixin.py:188} INFO - Changing /opt/***/logs/dag_id=AutoML_workflow_demo/run_id=manual__2024-07-06T04:09:36.417584+00:00 permission to 509
[2024-07-06T04:09:43.956+0000] {logging_mixin.py:188} INFO - Changing /opt/***/logs/dag_id=AutoML_workflow_demo permission to 509
[2024-07-06T04:09:43.958+0000] {logging_mixin.py:188} INFO - Changing /opt/***/logs permission to 509
[2024-07-06T04:09:44.928+0000] {logging_mixin.py:188} INFO - Changing /opt/***/logs/dag_id=AutoML_workflow_demo/run_id=manual__2024-07-06T04:09:36.417584+00:00/task_id=GetDataKaggle permission to 509
[2024-07-06T04:09:44.930+0000] {logging_mixin.py:188} INFO - Changing /opt/***/logs/dag_id=AutoML_workflow_demo/run_id=manual__2024-07-06T04:09:36.417584+00:00 permission to 509
[2024-07-06T04:09:44.932+0000] {logging_mixin.py:188} INFO - Changing /opt/***/logs/dag_id=AutoML_workflow_demo permission to 509
[2024-07-06T04:09:44.933+0000] {logging_mixin.py:188} INFO - Changing /opt/***/logs permission to 509
[2024-07-06T04:09:45.005+0000] {taskinstance.py:1979} INFO - Dependencies all met for dep_context=non-requeueable deps ti=<TaskInstance: AutoML_workflow_demo.GetDataKaggle manual__2024-07-06T04:09:36.417584+00:00 [queued]>
[2024-07-06T04:09:45.026+0000] {taskinstance.py:1979} INFO - Dependencies all met for dep_context=requeueable deps ti=<TaskInstance: AutoML_workflow_demo.GetDataKaggle manual__2024-07-06T04:09:36.417584+00:00 [queued]>
[2024-07-06T04:09:45.027+0000] {taskinstance.py:2193} INFO - Starting attempt 1 of 2
[2024-07-06T04:09:45.066+0000] {taskinstance.py:2217} INFO - Executing <Task(PythonOperator): GetDataKaggle> on 2024-07-06 04:09:36.417584+00:00
[2024-07-06T04:09:45.083+0000] {standard_task_runner.py:60} INFO - Started process 207 to run task
[2024-07-06T04:09:45.088+0000] {standard_task_runner.py:87} INFO - Running: ['***', 'tasks', 'run', 'AutoML_workflow_demo', 'GetDataKaggle', 'manual__2024-07-06T04:09:36.417584+00:00', '--job-id', '5', '--raw', '--subdir', 'DAGS_FOLDER/dmc_pipeline.py', '--cfg-path', '/tmp/tmplmhjuhk1']
[2024-07-06T04:09:45.090+0000] {standard_task_runner.py:88} INFO - Job 5: Subtask GetDataKaggle
[2024-07-06T04:09:45.167+0000] {logging_mixin.py:188} INFO - Changing /opt/***/logs/dag_id=AutoML_workflow_demo/run_id=manual__2024-07-06T04:09:36.417584+00:00/task_id=GetDataKaggle permission to 509
[2024-07-06T04:09:45.168+0000] {logging_mixin.py:188} INFO - Changing /opt/***/logs/dag_id=AutoML_workflow_demo/run_id=manual__2024-07-06T04:09:36.417584+00:00 permission to 509
[2024-07-06T04:09:45.170+0000] {logging_mixin.py:188} INFO - Changing /opt/***/logs/dag_id=AutoML_workflow_demo permission to 509
[2024-07-06T04:09:45.172+0000] {logging_mixin.py:188} INFO - Changing /opt/***/logs permission to 509
[2024-07-06T04:09:45.175+0000] {task_command.py:423} INFO - Running <TaskInstance: AutoML_workflow_demo.GetDataKaggle manual__2024-07-06T04:09:36.417584+00:00 [running]> on host 2ed3ddbbb77c
[2024-07-06T04:09:45.316+0000] {taskinstance.py:2513} INFO - Exporting env vars: AIRFLOW_CTX_DAG_OWNER='***' AIRFLOW_CTX_DAG_ID='AutoML_workflow_demo' AIRFLOW_CTX_TASK_ID='GetDataKaggle' AIRFLOW_CTX_EXECUTION_DATE='2024-07-06T04:09:36.417584+00:00' AIRFLOW_CTX_TRY_NUMBER='1' AIRFLOW_CTX_DAG_RUN_ID='manual__2024-07-06T04:09:36.417584+00:00'
[2024-07-06T04:09:49.233+0000] {logging_mixin.py:188} INFO - Unzipped playground-series-s4e6.zip
[2024-07-06T04:09:49.240+0000] {python.py:202} INFO - Done. Returned value was: None
[2024-07-06T04:09:49.263+0000] {taskinstance.py:1149} INFO - Marking task as SUCCESS. dag_id=AutoML_workflow_demo, task_id=GetDataKaggle, execution_date=20240706T040936, start_date=20240706T040945, end_date=20240706T040949
[2024-07-06T04:09:49.395+0000] {local_task_job_runner.py:234} INFO - Task exited with return code 0
[2024-07-06T04:09:49.427+0000] {taskinstance.py:3312} INFO - 0 downstream tasks scheduled from follow-on schedule check
