[2024-07-07T05:47:14.334+0000] {logging_mixin.py:188} INFO - Changing /opt/***/logs/dag_id=AutoML_workflow_demo/run_id=manual__2024-07-06T21:48:27.402576+00:00/task_id=AutoML_PyCaret permission to 509
[2024-07-07T05:47:14.335+0000] {logging_mixin.py:188} INFO - Changing /opt/***/logs/dag_id=AutoML_workflow_demo/run_id=manual__2024-07-06T21:48:27.402576+00:00 permission to 509
[2024-07-07T05:47:14.336+0000] {logging_mixin.py:188} INFO - Changing /opt/***/logs/dag_id=AutoML_workflow_demo permission to 509
[2024-07-07T05:47:14.337+0000] {logging_mixin.py:188} INFO - Changing /opt/***/logs permission to 509
[2024-07-07T05:47:14.359+0000] {logging_mixin.py:188} INFO - Changing /opt/***/logs/dag_id=AutoML_workflow_demo/run_id=manual__2024-07-06T21:48:27.402576+00:00/task_id=AutoML_PyCaret permission to 509
[2024-07-07T05:47:14.360+0000] {logging_mixin.py:188} INFO - Changing /opt/***/logs/dag_id=AutoML_workflow_demo/run_id=manual__2024-07-06T21:48:27.402576+00:00 permission to 509
[2024-07-07T05:47:14.361+0000] {logging_mixin.py:188} INFO - Changing /opt/***/logs/dag_id=AutoML_workflow_demo permission to 509
[2024-07-07T05:47:14.361+0000] {logging_mixin.py:188} INFO - Changing /opt/***/logs permission to 509
[2024-07-07T05:47:14.382+0000] {taskinstance.py:1979} INFO - Dependencies all met for dep_context=non-requeueable deps ti=<TaskInstance: AutoML_workflow_demo.AutoML_PyCaret manual__2024-07-06T21:48:27.402576+00:00 [queued]>
[2024-07-07T05:47:14.388+0000] {taskinstance.py:1979} INFO - Dependencies all met for dep_context=requeueable deps ti=<TaskInstance: AutoML_workflow_demo.AutoML_PyCaret manual__2024-07-06T21:48:27.402576+00:00 [queued]>
[2024-07-07T05:47:14.389+0000] {taskinstance.py:2193} INFO - Starting attempt 3 of 3
[2024-07-07T05:47:14.397+0000] {taskinstance.py:2217} INFO - Executing <Task(PythonOperator): AutoML_PyCaret> on 2024-07-06 21:48:27.402576+00:00
[2024-07-07T05:47:14.405+0000] {standard_task_runner.py:60} INFO - Started process 162 to run task
[2024-07-07T05:47:14.407+0000] {standard_task_runner.py:87} INFO - Running: ['***', 'tasks', 'run', 'AutoML_workflow_demo', 'AutoML_PyCaret', 'manual__2024-07-06T21:48:27.402576+00:00', '--job-id', '35', '--raw', '--subdir', 'DAGS_FOLDER/dmc_pipeline.py', '--cfg-path', '/tmp/tmpsib9ewkz']
[2024-07-07T05:47:14.408+0000] {standard_task_runner.py:88} INFO - Job 35: Subtask AutoML_PyCaret
[2024-07-07T05:47:14.440+0000] {logging_mixin.py:188} INFO - Changing /opt/***/logs/dag_id=AutoML_workflow_demo/run_id=manual__2024-07-06T21:48:27.402576+00:00/task_id=AutoML_PyCaret permission to 509
[2024-07-07T05:47:14.441+0000] {logging_mixin.py:188} INFO - Changing /opt/***/logs/dag_id=AutoML_workflow_demo/run_id=manual__2024-07-06T21:48:27.402576+00:00 permission to 509
[2024-07-07T05:47:14.441+0000] {logging_mixin.py:188} INFO - Changing /opt/***/logs/dag_id=AutoML_workflow_demo permission to 509
[2024-07-07T05:47:14.442+0000] {logging_mixin.py:188} INFO - Changing /opt/***/logs permission to 509
[2024-07-07T05:47:14.444+0000] {task_command.py:423} INFO - Running <TaskInstance: AutoML_workflow_demo.AutoML_PyCaret manual__2024-07-06T21:48:27.402576+00:00 [running]> on host c848c3042a1e
[2024-07-07T05:47:14.493+0000] {taskinstance.py:2513} INFO - Exporting env vars: AIRFLOW_CTX_DAG_OWNER='***' AIRFLOW_CTX_DAG_ID='AutoML_workflow_demo' AIRFLOW_CTX_TASK_ID='AutoML_PyCaret' AIRFLOW_CTX_EXECUTION_DATE='2024-07-06T21:48:27.402576+00:00' AIRFLOW_CTX_TRY_NUMBER='3' AIRFLOW_CTX_DAG_RUN_ID='manual__2024-07-06T21:48:27.402576+00:00'
[2024-07-07T05:47:15.731+0000] {logging_mixin.py:188} INFO -                     Description                                 Value
0                    Session id                                   123
1                        Target                                Target
2                   Target type                            Multiclass
3                Target mapping  Dropout: 0, Enrolled: 1, Graduate: 2
4           Original data shape                           (76518, 37)
5        Transformed data shape                           (76518, 37)
6   Transformed train set shape                           (53562, 37)
7    Transformed test set shape                           (22956, 37)
8              Numeric features                                    36
9                    Preprocess                                  True
10              Imputation type                                simple
11           Numeric imputation                                  mean
12       Categorical imputation                                  mode
13               Fold Generator                       StratifiedKFold
14                  Fold Number                                    10
15                     CPU Jobs                                    -1
16                      Use GPU                                 False
17               Log Experiment                                 False
18              Experiment Name                      clf-default-name
19                          USI                                  1872
[2024-07-07T05:47:15.851+0000] {logging_mixin.py:188} WARNING - Processing:   0%|          | 0/61 [00:00<?, ?it/s]
[2024-07-07T05:48:51.176+0000] {logging_mixin.py:188} WARNING - Processing:   8%|8         | 5/61 [01:35<17:47, 19.06s/it]
[2024-07-07T05:48:51.481+0000] {logging_mixin.py:188} WARNING - Processing:  11%|#1        | 7/61 [01:35<10:58, 12.19s/it]
[2024-07-07T05:48:58.888+0000] {logging_mixin.py:188} WARNING - Processing:  15%|#4        | 9/61 [01:43<08:02,  9.29s/it]
[2024-07-07T05:48:59.125+0000] {logging_mixin.py:188} WARNING - Processing:  18%|#8        | 11/61 [01:43<05:13,  6.28s/it]
[2024-07-07T05:49:00.695+0000] {logging_mixin.py:188} WARNING - Processing:  21%|##1       | 13/61 [01:44<03:37,  4.53s/it]
[2024-07-07T05:49:00.928+0000] {logging_mixin.py:188} WARNING - Processing:  25%|##4       | 15/61 [01:45<02:24,  3.14s/it]
[2024-07-07T05:49:06.366+0000] {logging_mixin.py:188} WARNING - Processing:  28%|##7       | 17/61 [01:50<02:12,  3.01s/it]
[2024-07-07T05:49:06.589+0000] {logging_mixin.py:188} WARNING - Processing:  31%|###1      | 19/61 [01:50<01:29,  2.12s/it]
[2024-07-07T05:49:35.447+0000] {logging_mixin.py:188} WARNING - Processing:  34%|###4      | 21/61 [02:19<03:54,  5.87s/it]
[2024-07-07T05:49:35.676+0000] {logging_mixin.py:188} WARNING - Processing:  38%|###7      | 23/61 [02:19<02:36,  4.13s/it]
[2024-07-07T05:49:37.463+0000] {logging_mixin.py:188} WARNING - Processing:  41%|####      | 25/61 [02:21<01:53,  3.15s/it]
[2024-07-07T05:49:37.692+0000] {logging_mixin.py:188} WARNING - Processing:  44%|####4     | 27/61 [02:21<01:15,  2.23s/it]
[2024-07-07T05:49:48.979+0000] {logging_mixin.py:188} WARNING - Processing:  48%|####7     | 29/61 [02:33<01:44,  3.26s/it]
[2024-07-07T05:49:49.265+0000] {logging_mixin.py:188} WARNING - Processing:  51%|#####     | 31/61 [02:33<01:09,  2.32s/it]
[2024-07-07T05:49:51.595+0000] {logging_mixin.py:188} WARNING - Processing:  54%|#####4    | 33/61 [02:35<00:55,  1.97s/it]
[2024-07-07T05:49:51.859+0000] {logging_mixin.py:188} WARNING - Processing:  57%|#####7    | 35/61 [02:36<00:36,  1.42s/it]
[2024-07-07T05:50:06.012+0000] {local_task_job_runner.py:302} WARNING - State of this instance has been externally set to failed. Terminating instance.
[2024-07-07T05:50:06.014+0000] {process_utils.py:131} INFO - Sending 15 to group 162. PIDs of all processes in the group: [162]
[2024-07-07T05:50:06.014+0000] {process_utils.py:86} INFO - Sending the signal 15 to group 162
[2024-07-07T05:50:06.015+0000] {taskinstance.py:2483} ERROR - Received SIGTERM. Terminating subprocesses.
[2024-07-07T05:50:09.707+0000] {logging_mixin.py:188} WARNING - Processing:  61%|######    | 37/61 [02:53<01:28,  3.67s/it]
[2024-07-07T05:50:09.950+0000] {logging_mixin.py:188} WARNING - Processing:  64%|######3   | 39/61 [02:54<00:57,  2.61s/it]
[2024-07-07T05:51:06.042+0000] {process_utils.py:149} WARNING - process psutil.Process(pid=162, name='airflow task ru', status='running', started='05:47:13') did not respond to SIGTERM. Trying SIGKILL
[2024-07-07T05:51:06.044+0000] {process_utils.py:86} INFO - Sending the signal 9 to group 162
[2024-07-07T05:51:06.097+0000] {process_utils.py:79} INFO - Process psutil.Process(pid=162, name='airflow task ru', status='terminated', exitcode=<Negsignal.SIGKILL: -9>, started='05:47:13') (162) terminated with exit code -9
[2024-07-07T05:51:06.098+0000] {standard_task_runner.py:175} ERROR - Job 35 was killed before it finished (likely due to running out of memory)
