[2024-07-07T05:12:20.327+0000] {logging_mixin.py:188} INFO - Changing /opt/***/logs/dag_id=AutoML_workflow_demo/run_id=manual__2024-07-07T05:12:16.530416+00:00/task_id=GetDataKaggle permission to 509
[2024-07-07T05:12:20.328+0000] {logging_mixin.py:188} INFO - Changing /opt/***/logs/dag_id=AutoML_workflow_demo/run_id=manual__2024-07-07T05:12:16.530416+00:00 permission to 509
[2024-07-07T05:12:20.329+0000] {logging_mixin.py:188} INFO - Changing /opt/***/logs/dag_id=AutoML_workflow_demo permission to 509
[2024-07-07T05:12:20.330+0000] {logging_mixin.py:188} INFO - Changing /opt/***/logs permission to 509
[2024-07-07T05:12:20.350+0000] {logging_mixin.py:188} INFO - Changing /opt/***/logs/dag_id=AutoML_workflow_demo/run_id=manual__2024-07-07T05:12:16.530416+00:00/task_id=GetDataKaggle permission to 509
[2024-07-07T05:12:20.351+0000] {logging_mixin.py:188} INFO - Changing /opt/***/logs/dag_id=AutoML_workflow_demo/run_id=manual__2024-07-07T05:12:16.530416+00:00 permission to 509
[2024-07-07T05:12:20.352+0000] {logging_mixin.py:188} INFO - Changing /opt/***/logs/dag_id=AutoML_workflow_demo permission to 509
[2024-07-07T05:12:20.353+0000] {logging_mixin.py:188} INFO - Changing /opt/***/logs permission to 509
[2024-07-07T05:12:20.380+0000] {taskinstance.py:1979} INFO - Dependencies all met for dep_context=non-requeueable deps ti=<TaskInstance: AutoML_workflow_demo.GetDataKaggle manual__2024-07-07T05:12:16.530416+00:00 [queued]>
[2024-07-07T05:12:20.389+0000] {taskinstance.py:1979} INFO - Dependencies all met for dep_context=requeueable deps ti=<TaskInstance: AutoML_workflow_demo.GetDataKaggle manual__2024-07-07T05:12:16.530416+00:00 [queued]>
[2024-07-07T05:12:20.389+0000] {taskinstance.py:2193} INFO - Starting attempt 1 of 2
[2024-07-07T05:12:20.401+0000] {taskinstance.py:2217} INFO - Executing <Task(PythonOperator): GetDataKaggle> on 2024-07-07 05:12:16.530416+00:00
[2024-07-07T05:12:20.411+0000] {standard_task_runner.py:60} INFO - Started process 1328 to run task
[2024-07-07T05:12:20.420+0000] {standard_task_runner.py:87} INFO - Running: ['***', 'tasks', 'run', 'AutoML_workflow_demo', 'GetDataKaggle', 'manual__2024-07-07T05:12:16.530416+00:00', '--job-id', '23', '--raw', '--subdir', 'DAGS_FOLDER/dmc_pipeline.py', '--cfg-path', '/tmp/tmpezum_jc5']
[2024-07-07T05:12:20.422+0000] {standard_task_runner.py:88} INFO - Job 23: Subtask GetDataKaggle
[2024-07-07T05:12:20.503+0000] {logging_mixin.py:188} INFO - Changing /opt/***/logs/dag_id=AutoML_workflow_demo/run_id=manual__2024-07-07T05:12:16.530416+00:00/task_id=GetDataKaggle permission to 509
[2024-07-07T05:12:20.504+0000] {logging_mixin.py:188} INFO - Changing /opt/***/logs/dag_id=AutoML_workflow_demo/run_id=manual__2024-07-07T05:12:16.530416+00:00 permission to 509
[2024-07-07T05:12:20.504+0000] {logging_mixin.py:188} INFO - Changing /opt/***/logs/dag_id=AutoML_workflow_demo permission to 509
[2024-07-07T05:12:20.505+0000] {logging_mixin.py:188} INFO - Changing /opt/***/logs permission to 509
[2024-07-07T05:12:20.507+0000] {task_command.py:423} INFO - Running <TaskInstance: AutoML_workflow_demo.GetDataKaggle manual__2024-07-07T05:12:16.530416+00:00 [running]> on host 549d24f0d639
[2024-07-07T05:12:20.580+0000] {taskinstance.py:2513} INFO - Exporting env vars: AIRFLOW_CTX_DAG_OWNER='***' AIRFLOW_CTX_DAG_ID='AutoML_workflow_demo' AIRFLOW_CTX_TASK_ID='GetDataKaggle' AIRFLOW_CTX_EXECUTION_DATE='2024-07-07T05:12:16.530416+00:00' AIRFLOW_CTX_TRY_NUMBER='1' AIRFLOW_CTX_DAG_RUN_ID='manual__2024-07-07T05:12:16.530416+00:00'
[2024-07-07T05:12:20.594+0000] {logging_mixin.py:188} INFO - Warning: Your Kaggle API key is readable by other users on this system! To fix this, you can run 'chmod 600 /home/***/.kaggle/kaggle.json'
[2024-07-07T05:12:22.058+0000] {logging_mixin.py:188} INFO - Unzipped playground-series-s4e6.zip
[2024-07-07T05:12:22.063+0000] {python.py:202} INFO - Done. Returned value was: None
[2024-07-07T05:12:22.069+0000] {taskinstance.py:1149} INFO - Marking task as SUCCESS. dag_id=AutoML_workflow_demo, task_id=GetDataKaggle, execution_date=20240707T051216, start_date=20240707T051220, end_date=20240707T051222
[2024-07-07T05:12:22.115+0000] {local_task_job_runner.py:234} INFO - Task exited with return code 0
[2024-07-07T05:12:22.135+0000] {taskinstance.py:3312} INFO - 1 downstream tasks scheduled from follow-on schedule check
