[2024-07-07T05:51:06.138+0000] {logging_mixin.py:188} INFO - Changing /opt/***/logs/dag_id=AutoML_workflow_demo/run_id=manual__2024-07-07T05:50:58.593111+00:00/task_id=AutoML_PyCaret permission to 509
[2024-07-07T05:51:06.139+0000] {logging_mixin.py:188} INFO - Changing /opt/***/logs/dag_id=AutoML_workflow_demo/run_id=manual__2024-07-07T05:50:58.593111+00:00 permission to 509
[2024-07-07T05:51:06.140+0000] {logging_mixin.py:188} INFO - Changing /opt/***/logs/dag_id=AutoML_workflow_demo permission to 509
[2024-07-07T05:51:06.141+0000] {logging_mixin.py:188} INFO - Changing /opt/***/logs permission to 509
[2024-07-07T05:51:06.160+0000] {logging_mixin.py:188} INFO - Changing /opt/***/logs/dag_id=AutoML_workflow_demo/run_id=manual__2024-07-07T05:50:58.593111+00:00/task_id=AutoML_PyCaret permission to 509
[2024-07-07T05:51:06.161+0000] {logging_mixin.py:188} INFO - Changing /opt/***/logs/dag_id=AutoML_workflow_demo/run_id=manual__2024-07-07T05:50:58.593111+00:00 permission to 509
[2024-07-07T05:51:06.161+0000] {logging_mixin.py:188} INFO - Changing /opt/***/logs/dag_id=AutoML_workflow_demo permission to 509
[2024-07-07T05:51:06.162+0000] {logging_mixin.py:188} INFO - Changing /opt/***/logs permission to 509
[2024-07-07T05:51:06.181+0000] {taskinstance.py:1979} INFO - Dependencies all met for dep_context=non-requeueable deps ti=<TaskInstance: AutoML_workflow_demo.AutoML_PyCaret manual__2024-07-07T05:50:58.593111+00:00 [queued]>
[2024-07-07T05:51:06.187+0000] {taskinstance.py:1979} INFO - Dependencies all met for dep_context=requeueable deps ti=<TaskInstance: AutoML_workflow_demo.AutoML_PyCaret manual__2024-07-07T05:50:58.593111+00:00 [queued]>
[2024-07-07T05:51:06.187+0000] {taskinstance.py:2193} INFO - Starting attempt 1 of 2
[2024-07-07T05:51:06.195+0000] {taskinstance.py:2217} INFO - Executing <Task(PythonOperator): AutoML_PyCaret> on 2024-07-07 05:50:58.593111+00:00
[2024-07-07T05:51:06.202+0000] {standard_task_runner.py:60} INFO - Started process 975 to run task
[2024-07-07T05:51:06.205+0000] {standard_task_runner.py:87} INFO - Running: ['***', 'tasks', 'run', 'AutoML_workflow_demo', 'AutoML_PyCaret', 'manual__2024-07-07T05:50:58.593111+00:00', '--job-id', '37', '--raw', '--subdir', 'DAGS_FOLDER/dmc_pipeline.py', '--cfg-path', '/tmp/tmpyvbjrobk']
[2024-07-07T05:51:06.206+0000] {standard_task_runner.py:88} INFO - Job 37: Subtask AutoML_PyCaret
[2024-07-07T05:51:06.235+0000] {logging_mixin.py:188} INFO - Changing /opt/***/logs/dag_id=AutoML_workflow_demo/run_id=manual__2024-07-07T05:50:58.593111+00:00/task_id=AutoML_PyCaret permission to 509
[2024-07-07T05:51:06.236+0000] {logging_mixin.py:188} INFO - Changing /opt/***/logs/dag_id=AutoML_workflow_demo/run_id=manual__2024-07-07T05:50:58.593111+00:00 permission to 509
[2024-07-07T05:51:06.237+0000] {logging_mixin.py:188} INFO - Changing /opt/***/logs/dag_id=AutoML_workflow_demo permission to 509
[2024-07-07T05:51:06.238+0000] {logging_mixin.py:188} INFO - Changing /opt/***/logs permission to 509
[2024-07-07T05:51:06.239+0000] {task_command.py:423} INFO - Running <TaskInstance: AutoML_workflow_demo.AutoML_PyCaret manual__2024-07-07T05:50:58.593111+00:00 [running]> on host c848c3042a1e
[2024-07-07T05:51:06.284+0000] {taskinstance.py:2513} INFO - Exporting env vars: AIRFLOW_CTX_DAG_OWNER='***' AIRFLOW_CTX_DAG_ID='AutoML_workflow_demo' AIRFLOW_CTX_TASK_ID='AutoML_PyCaret' AIRFLOW_CTX_EXECUTION_DATE='2024-07-07T05:50:58.593111+00:00' AIRFLOW_CTX_TRY_NUMBER='1' AIRFLOW_CTX_DAG_RUN_ID='manual__2024-07-07T05:50:58.593111+00:00'
[2024-07-07T05:51:07.340+0000] {logging_mixin.py:188} INFO -                     Description                                 Value
0                    Session id                                   123
1                        Target                                Target
2                   Target type                            Multiclass
3                Target mapping  Dropout: 0, Enrolled: 1, Graduate: 2
4           Original data shape                           (76518, 37)
5        Transformed data shape                           (76518, 37)
6   Transformed train set shape                           (53562, 37)
7    Transformed test set shape                           (22956, 37)
8              Numeric features                                    36
9                    Preprocess                                  True
10              Imputation type                                simple
11           Numeric imputation                                  mean
12       Categorical imputation                                  mode
13               Fold Generator                       StratifiedKFold
14                  Fold Number                                    10
15                     CPU Jobs                                    -1
16                      Use GPU                                 False
17               Log Experiment                                 False
18              Experiment Name                      clf-default-name
19                          USI                                  0299
[2024-07-07T05:51:07.461+0000] {logging_mixin.py:188} WARNING - Processing:   0%|          | 0/61 [00:00<?, ?it/s]
[2024-07-07T05:52:37.108+0000] {local_task_job_runner.py:302} WARNING - State of this instance has been externally set to failed. Terminating instance.
[2024-07-07T05:52:37.110+0000] {process_utils.py:131} INFO - Sending 15 to group 975. PIDs of all processes in the group: [975]
[2024-07-07T05:52:37.111+0000] {process_utils.py:86} INFO - Sending the signal 15 to group 975
[2024-07-07T05:52:37.113+0000] {taskinstance.py:2483} ERROR - Received SIGTERM. Terminating subprocesses.
[2024-07-07T05:52:37.143+0000] {logging_mixin.py:188} WARNING - Processing:   8%|8         | 5/61 [01:29<16:44, 17.94s/it]
[2024-07-07T05:52:37.456+0000] {logging_mixin.py:188} WARNING - Processing:  11%|#1        | 7/61 [01:29<10:19, 11.47s/it]
[2024-07-07T05:52:44.862+0000] {logging_mixin.py:188} WARNING - Processing:  15%|#4        | 9/61 [01:37<07:38,  8.82s/it]
[2024-07-07T05:52:45.146+0000] {logging_mixin.py:188} WARNING - Processing:  18%|#8        | 11/61 [01:37<04:58,  5.97s/it]
[2024-07-07T05:52:46.923+0000] {logging_mixin.py:188} WARNING - Processing:  21%|##1       | 13/61 [01:39<03:28,  4.35s/it]
[2024-07-07T05:52:47.176+0000] {logging_mixin.py:188} WARNING - Processing:  25%|##4       | 15/61 [01:39<02:19,  3.03s/it]
[2024-07-07T05:52:52.959+0000] {logging_mixin.py:188} WARNING - Processing:  28%|##7       | 17/61 [01:45<02:11,  2.98s/it]
[2024-07-07T05:52:53.201+0000] {logging_mixin.py:188} WARNING - Processing:  31%|###1      | 19/61 [01:45<01:28,  2.11s/it]
[2024-07-07T05:53:22.145+0000] {logging_mixin.py:188} WARNING - Processing:  34%|###4      | 21/61 [02:14<03:54,  5.87s/it]
[2024-07-07T05:53:22.370+0000] {logging_mixin.py:188} WARNING - Processing:  38%|###7      | 23/61 [02:14<02:36,  4.13s/it]
[2024-07-07T05:53:24.159+0000] {logging_mixin.py:188} WARNING - Processing:  41%|####      | 25/61 [02:16<01:53,  3.15s/it]
[2024-07-07T05:53:24.376+0000] {logging_mixin.py:188} WARNING - Processing:  44%|####4     | 27/61 [02:16<01:15,  2.23s/it]
[2024-07-07T05:53:35.069+0000] {logging_mixin.py:188} WARNING - Processing:  48%|####7     | 29/61 [02:27<01:41,  3.17s/it]
[2024-07-07T05:53:35.291+0000] {logging_mixin.py:188} WARNING - Processing:  51%|#####     | 31/61 [02:27<01:07,  2.25s/it]
[2024-07-07T05:53:37.114+0000] {process_utils.py:149} WARNING - process psutil.Process(pid=975, name='airflow task ru', status='running', started='05:51:05') did not respond to SIGTERM. Trying SIGKILL
[2024-07-07T05:53:37.116+0000] {process_utils.py:86} INFO - Sending the signal 9 to group 975
[2024-07-07T05:53:37.168+0000] {process_utils.py:79} INFO - Process psutil.Process(pid=975, name='airflow task ru', status='terminated', exitcode=<Negsignal.SIGKILL: -9>, started='05:51:05') (975) terminated with exit code -9
[2024-07-07T05:53:37.169+0000] {standard_task_runner.py:175} ERROR - Job 37 was killed before it finished (likely due to running out of memory)
