[2024-07-06T21:48:30.553+0000] {logging_mixin.py:188} INFO - Changing /opt/***/logs/dag_id=AutoML_workflow_demo/run_id=manual__2024-07-06T21:48:27.402576+00:00/task_id=GetDataKaggle permission to 509
[2024-07-06T21:48:30.554+0000] {logging_mixin.py:188} INFO - Changing /opt/***/logs/dag_id=AutoML_workflow_demo/run_id=manual__2024-07-06T21:48:27.402576+00:00 permission to 509
[2024-07-06T21:48:30.555+0000] {logging_mixin.py:188} INFO - Changing /opt/***/logs/dag_id=AutoML_workflow_demo permission to 509
[2024-07-06T21:48:30.556+0000] {logging_mixin.py:188} INFO - Changing /opt/***/logs permission to 509
[2024-07-06T21:48:30.577+0000] {logging_mixin.py:188} INFO - Changing /opt/***/logs/dag_id=AutoML_workflow_demo/run_id=manual__2024-07-06T21:48:27.402576+00:00/task_id=GetDataKaggle permission to 509
[2024-07-06T21:48:30.578+0000] {logging_mixin.py:188} INFO - Changing /opt/***/logs/dag_id=AutoML_workflow_demo/run_id=manual__2024-07-06T21:48:27.402576+00:00 permission to 509
[2024-07-06T21:48:30.579+0000] {logging_mixin.py:188} INFO - Changing /opt/***/logs/dag_id=AutoML_workflow_demo permission to 509
[2024-07-06T21:48:30.580+0000] {logging_mixin.py:188} INFO - Changing /opt/***/logs permission to 509
[2024-07-06T21:48:30.599+0000] {taskinstance.py:1979} INFO - Dependencies all met for dep_context=non-requeueable deps ti=<TaskInstance: AutoML_workflow_demo.GetDataKaggle manual__2024-07-06T21:48:27.402576+00:00 [queued]>
[2024-07-06T21:48:30.604+0000] {taskinstance.py:1979} INFO - Dependencies all met for dep_context=requeueable deps ti=<TaskInstance: AutoML_workflow_demo.GetDataKaggle manual__2024-07-06T21:48:27.402576+00:00 [queued]>
[2024-07-06T21:48:30.604+0000] {taskinstance.py:2193} INFO - Starting attempt 1 of 2
[2024-07-06T21:48:30.612+0000] {taskinstance.py:2217} INFO - Executing <Task(PythonOperator): GetDataKaggle> on 2024-07-06 21:48:27.402576+00:00
[2024-07-06T21:48:30.619+0000] {standard_task_runner.py:60} INFO - Started process 184 to run task
[2024-07-06T21:48:30.622+0000] {standard_task_runner.py:87} INFO - Running: ['***', 'tasks', 'run', 'AutoML_workflow_demo', 'GetDataKaggle', 'manual__2024-07-06T21:48:27.402576+00:00', '--job-id', '17', '--raw', '--subdir', 'DAGS_FOLDER/dmc_pipeline.py', '--cfg-path', '/tmp/tmp_zny2395']
[2024-07-06T21:48:30.623+0000] {standard_task_runner.py:88} INFO - Job 17: Subtask GetDataKaggle
[2024-07-06T21:48:30.653+0000] {logging_mixin.py:188} INFO - Changing /opt/***/logs/dag_id=AutoML_workflow_demo/run_id=manual__2024-07-06T21:48:27.402576+00:00/task_id=GetDataKaggle permission to 509
[2024-07-06T21:48:30.654+0000] {logging_mixin.py:188} INFO - Changing /opt/***/logs/dag_id=AutoML_workflow_demo/run_id=manual__2024-07-06T21:48:27.402576+00:00 permission to 509
[2024-07-06T21:48:30.655+0000] {logging_mixin.py:188} INFO - Changing /opt/***/logs/dag_id=AutoML_workflow_demo permission to 509
[2024-07-06T21:48:30.655+0000] {logging_mixin.py:188} INFO - Changing /opt/***/logs permission to 509
[2024-07-06T21:48:30.656+0000] {task_command.py:423} INFO - Running <TaskInstance: AutoML_workflow_demo.GetDataKaggle manual__2024-07-06T21:48:27.402576+00:00 [running]> on host 549d24f0d639
[2024-07-06T21:48:30.703+0000] {taskinstance.py:2513} INFO - Exporting env vars: AIRFLOW_CTX_DAG_OWNER='***' AIRFLOW_CTX_DAG_ID='AutoML_workflow_demo' AIRFLOW_CTX_TASK_ID='GetDataKaggle' AIRFLOW_CTX_EXECUTION_DATE='2024-07-06T21:48:27.402576+00:00' AIRFLOW_CTX_TRY_NUMBER='1' AIRFLOW_CTX_DAG_RUN_ID='manual__2024-07-06T21:48:27.402576+00:00'
[2024-07-06T21:48:30.708+0000] {logging_mixin.py:188} INFO - Warning: Your Kaggle API key is readable by other users on this system! To fix this, you can run 'chmod 600 /home/***/.kaggle/kaggle.json'
[2024-07-06T21:48:32.162+0000] {logging_mixin.py:188} INFO - Unzipped playground-series-s4e6.zip
[2024-07-06T21:48:32.167+0000] {python.py:202} INFO - Done. Returned value was: None
[2024-07-06T21:48:32.174+0000] {taskinstance.py:1149} INFO - Marking task as SUCCESS. dag_id=AutoML_workflow_demo, task_id=GetDataKaggle, execution_date=20240706T214827, start_date=20240706T214830, end_date=20240706T214832
[2024-07-06T21:48:32.198+0000] {local_task_job_runner.py:234} INFO - Task exited with return code 0
[2024-07-06T21:48:32.215+0000] {taskinstance.py:3312} INFO - 1 downstream tasks scheduled from follow-on schedule check
