[2024-07-07T05:13:26.081+0000] {logging_mixin.py:188} INFO - Changing /opt/***/logs/dag_id=AutoML_workflow_demo/run_id=manual__2024-07-06T21:48:27.402576+00:00/task_id=GetDataKaggle permission to 509
[2024-07-07T05:13:26.083+0000] {logging_mixin.py:188} INFO - Changing /opt/***/logs/dag_id=AutoML_workflow_demo/run_id=manual__2024-07-06T21:48:27.402576+00:00 permission to 509
[2024-07-07T05:13:26.084+0000] {logging_mixin.py:188} INFO - Changing /opt/***/logs/dag_id=AutoML_workflow_demo permission to 509
[2024-07-07T05:13:26.085+0000] {logging_mixin.py:188} INFO - Changing /opt/***/logs permission to 509
[2024-07-07T05:13:26.131+0000] {logging_mixin.py:188} INFO - Changing /opt/***/logs/dag_id=AutoML_workflow_demo/run_id=manual__2024-07-06T21:48:27.402576+00:00/task_id=GetDataKaggle permission to 509
[2024-07-07T05:13:26.136+0000] {logging_mixin.py:188} INFO - Changing /opt/***/logs/dag_id=AutoML_workflow_demo/run_id=manual__2024-07-06T21:48:27.402576+00:00 permission to 509
[2024-07-07T05:13:26.137+0000] {logging_mixin.py:188} INFO - Changing /opt/***/logs/dag_id=AutoML_workflow_demo permission to 509
[2024-07-07T05:13:26.138+0000] {logging_mixin.py:188} INFO - Changing /opt/***/logs permission to 509
[2024-07-07T05:13:26.210+0000] {taskinstance.py:1979} INFO - Dependencies all met for dep_context=non-requeueable deps ti=<TaskInstance: AutoML_workflow_demo.GetDataKaggle manual__2024-07-06T21:48:27.402576+00:00 [queued]>
[2024-07-07T05:13:26.228+0000] {taskinstance.py:1979} INFO - Dependencies all met for dep_context=requeueable deps ti=<TaskInstance: AutoML_workflow_demo.GetDataKaggle manual__2024-07-06T21:48:27.402576+00:00 [queued]>
[2024-07-07T05:13:26.231+0000] {taskinstance.py:2193} INFO - Starting attempt 2 of 3
[2024-07-07T05:13:26.266+0000] {taskinstance.py:2217} INFO - Executing <Task(PythonOperator): GetDataKaggle> on 2024-07-06 21:48:27.402576+00:00
[2024-07-07T05:13:26.285+0000] {standard_task_runner.py:60} INFO - Started process 1826 to run task
[2024-07-07T05:13:26.308+0000] {standard_task_runner.py:87} INFO - Running: ['***', 'tasks', 'run', 'AutoML_workflow_demo', 'GetDataKaggle', 'manual__2024-07-06T21:48:27.402576+00:00', '--job-id', '27', '--raw', '--subdir', 'DAGS_FOLDER/dmc_pipeline.py', '--cfg-path', '/tmp/tmpcpklp1ag']
[2024-07-07T05:13:26.312+0000] {standard_task_runner.py:88} INFO - Job 27: Subtask GetDataKaggle
[2024-07-07T05:13:26.446+0000] {logging_mixin.py:188} INFO - Changing /opt/***/logs/dag_id=AutoML_workflow_demo/run_id=manual__2024-07-06T21:48:27.402576+00:00/task_id=GetDataKaggle permission to 509
[2024-07-07T05:13:26.448+0000] {logging_mixin.py:188} INFO - Changing /opt/***/logs/dag_id=AutoML_workflow_demo/run_id=manual__2024-07-06T21:48:27.402576+00:00 permission to 509
[2024-07-07T05:13:26.449+0000] {logging_mixin.py:188} INFO - Changing /opt/***/logs/dag_id=AutoML_workflow_demo permission to 509
[2024-07-07T05:13:26.449+0000] {logging_mixin.py:188} INFO - Changing /opt/***/logs permission to 509
[2024-07-07T05:13:26.452+0000] {task_command.py:423} INFO - Running <TaskInstance: AutoML_workflow_demo.GetDataKaggle manual__2024-07-06T21:48:27.402576+00:00 [running]> on host 549d24f0d639
[2024-07-07T05:13:27.739+0000] {taskinstance.py:2513} INFO - Exporting env vars: AIRFLOW_CTX_DAG_OWNER='***' AIRFLOW_CTX_DAG_ID='AutoML_workflow_demo' AIRFLOW_CTX_TASK_ID='GetDataKaggle' AIRFLOW_CTX_EXECUTION_DATE='2024-07-06T21:48:27.402576+00:00' AIRFLOW_CTX_TRY_NUMBER='2' AIRFLOW_CTX_DAG_RUN_ID='manual__2024-07-06T21:48:27.402576+00:00'
[2024-07-07T05:13:27.832+0000] {logging_mixin.py:188} INFO - Warning: Your Kaggle API key is readable by other users on this system! To fix this, you can run 'chmod 600 /home/***/.kaggle/kaggle.json'
[2024-07-07T05:13:29.559+0000] {logging_mixin.py:188} INFO - Unzipped playground-series-s4e6.zip
[2024-07-07T05:13:29.569+0000] {python.py:202} INFO - Done. Returned value was: None
[2024-07-07T05:13:29.587+0000] {taskinstance.py:1149} INFO - Marking task as SUCCESS. dag_id=AutoML_workflow_demo, task_id=GetDataKaggle, execution_date=20240706T214827, start_date=20240707T051326, end_date=20240707T051329
[2024-07-07T05:13:29.672+0000] {local_task_job_runner.py:234} INFO - Task exited with return code 0
[2024-07-07T05:13:29.702+0000] {taskinstance.py:3312} INFO - 1 downstream tasks scheduled from follow-on schedule check
