[2024-07-07T20:07:39.272+0000] {logging_mixin.py:188} INFO - Changing /opt/***/logs/dag_id=AutoML_workflow_demo/run_id=manual__2024-07-07T19:09:53.961430+00:00/task_id=SubmitKaggle permission to 509
[2024-07-07T20:07:39.274+0000] {logging_mixin.py:188} INFO - Changing /opt/***/logs/dag_id=AutoML_workflow_demo/run_id=manual__2024-07-07T19:09:53.961430+00:00 permission to 509
[2024-07-07T20:07:39.275+0000] {logging_mixin.py:188} INFO - Changing /opt/***/logs/dag_id=AutoML_workflow_demo permission to 509
[2024-07-07T20:07:39.276+0000] {logging_mixin.py:188} INFO - Changing /opt/***/logs permission to 509
[2024-07-07T20:07:39.296+0000] {logging_mixin.py:188} INFO - Changing /opt/***/logs/dag_id=AutoML_workflow_demo/run_id=manual__2024-07-07T19:09:53.961430+00:00/task_id=SubmitKaggle permission to 509
[2024-07-07T20:07:39.297+0000] {logging_mixin.py:188} INFO - Changing /opt/***/logs/dag_id=AutoML_workflow_demo/run_id=manual__2024-07-07T19:09:53.961430+00:00 permission to 509
[2024-07-07T20:07:39.297+0000] {logging_mixin.py:188} INFO - Changing /opt/***/logs/dag_id=AutoML_workflow_demo permission to 509
[2024-07-07T20:07:39.298+0000] {logging_mixin.py:188} INFO - Changing /opt/***/logs permission to 509
[2024-07-07T20:07:39.322+0000] {taskinstance.py:1979} INFO - Dependencies all met for dep_context=non-requeueable deps ti=<TaskInstance: AutoML_workflow_demo.SubmitKaggle manual__2024-07-07T19:09:53.961430+00:00 [queued]>
[2024-07-07T20:07:39.328+0000] {taskinstance.py:1979} INFO - Dependencies all met for dep_context=requeueable deps ti=<TaskInstance: AutoML_workflow_demo.SubmitKaggle manual__2024-07-07T19:09:53.961430+00:00 [queued]>
[2024-07-07T20:07:39.329+0000] {taskinstance.py:2193} INFO - Starting attempt 1 of 2
[2024-07-07T20:07:39.338+0000] {taskinstance.py:2217} INFO - Executing <Task(PythonOperator): SubmitKaggle> on 2024-07-07 19:09:53.961430+00:00
[2024-07-07T20:07:39.346+0000] {standard_task_runner.py:60} INFO - Started process 5759 to run task
[2024-07-07T20:07:39.351+0000] {standard_task_runner.py:87} INFO - Running: ['***', 'tasks', 'run', 'AutoML_workflow_demo', 'SubmitKaggle', 'manual__2024-07-07T19:09:53.961430+00:00', '--job-id', '50', '--raw', '--subdir', 'DAGS_FOLDER/dmc_pipeline.py', '--cfg-path', '/tmp/tmp3_itt12q']
[2024-07-07T20:07:39.352+0000] {standard_task_runner.py:88} INFO - Job 50: Subtask SubmitKaggle
[2024-07-07T20:07:39.404+0000] {logging_mixin.py:188} INFO - Changing /opt/***/logs/dag_id=AutoML_workflow_demo/run_id=manual__2024-07-07T19:09:53.961430+00:00/task_id=SubmitKaggle permission to 509
[2024-07-07T20:07:39.405+0000] {logging_mixin.py:188} INFO - Changing /opt/***/logs/dag_id=AutoML_workflow_demo/run_id=manual__2024-07-07T19:09:53.961430+00:00 permission to 509
[2024-07-07T20:07:39.406+0000] {logging_mixin.py:188} INFO - Changing /opt/***/logs/dag_id=AutoML_workflow_demo permission to 509
[2024-07-07T20:07:39.407+0000] {logging_mixin.py:188} INFO - Changing /opt/***/logs permission to 509
[2024-07-07T20:07:39.409+0000] {task_command.py:423} INFO - Running <TaskInstance: AutoML_workflow_demo.SubmitKaggle manual__2024-07-07T19:09:53.961430+00:00 [running]> on host 491d1386731f
[2024-07-07T20:07:39.469+0000] {taskinstance.py:2513} INFO - Exporting env vars: AIRFLOW_CTX_DAG_OWNER='***' AIRFLOW_CTX_DAG_ID='AutoML_workflow_demo' AIRFLOW_CTX_TASK_ID='SubmitKaggle' AIRFLOW_CTX_EXECUTION_DATE='2024-07-07T19:09:53.961430+00:00' AIRFLOW_CTX_TRY_NUMBER='1' AIRFLOW_CTX_DAG_RUN_ID='manual__2024-07-07T19:09:53.961430+00:00'
[2024-07-07T20:07:39.479+0000] {logging_mixin.py:188} INFO - Warning: Your Kaggle API key is readable by other users on this system! To fix this, you can run 'chmod 600 /home/***/.kaggle/kaggle.json'
[2024-07-07T20:07:43.699+0000] {logging_mixin.py:188} INFO - Warning: Your Kaggle API key is readable by other users on this system! To fix this, you can run 'chmod 600 /home/***/.kaggle/kaggle.json'
Successfully submitted to Classification with an Academic Success Dataset
[2024-07-07T20:07:43.700+0000] {python.py:202} INFO - Done. Returned value was: None
[2024-07-07T20:07:43.707+0000] {taskinstance.py:1149} INFO - Marking task as SUCCESS. dag_id=AutoML_workflow_demo, task_id=SubmitKaggle, execution_date=20240707T190953, start_date=20240707T200739, end_date=20240707T200743
[2024-07-07T20:07:43.740+0000] {local_task_job_runner.py:234} INFO - Task exited with return code 0
[2024-07-07T20:07:43.751+0000] {taskinstance.py:3312} INFO - 0 downstream tasks scheduled from follow-on schedule check
